[ 2018-03-19T09:39:44+08:00 ] 127.0.0.1 127.0.0.1 GET /
[ log ] www.demo1.com/ [运行时间：0.075004s][吞吐率：13.33req/s] [内存消耗：2,276.42kb] [文件加载：53]
[ info ] [ LANG ] D:\WWW\demo1\thinkphp\lang\zh-cn.php
[ info ] [ ROUTE ] array (
  'type' => 'module',
  'module' => 
  array (
    0 => '',
    1 => NULL,
    2 => NULL,
  ),
)
[ info ] [ HEADER ] array (
  'host' => 'www.demo1.com',
  'user-agent' => 'Mozilla/5.0 (Windows NT 6.1; WOW64; rv:59.0) Gecko/20100101 Firefox/59.0',
  'accept' => 'text/html,application/xhtml+xml,application/xml;q=0.9,*/*;q=0.8',
  'accept-language' => 'zh-CN,zh;q=0.8,zh-TW;q=0.7,zh-HK;q=0.5,en-US;q=0.3,en;q=0.2',
  'accept-encoding' => 'gzip, deflate',
  'cookie' => 'UM_distinctid=15f463928f436-0bb14e536866e6-43574130-1fa400-15f463928f547b; CNZZDATA1819652=cnzz_eid%3D1319154746-1508711671-%26ntime%3D1508711671; CNZZDATA1255527648=1316985633-1510094369-%7C1510094369; bdshare_firstime=1510096322402; ECS[visit_times]=7; CNZZDATA1257172712=2057240846-1510670253-http%253A%252F%252Fwww.demo1.com%252F%7C1510666314; AJSTAT_ok_times=1; pgv_pvi=1937495040; CNZZDATA4297110=cnzz_eid%3D1130916914-1512301056-http%253A%252F%252Fwww.demo1.com%252F%26ntime%3D1512301056; CNZZDATA1000067704=1148942129-1514940765-http%253A%252F%252Fwww.demo1.com%252F%7C1514940765; CNZZDATA5512294=cnzz_eid%3D1840126545-1515337879-http%253A%252F%252Fwww.demo1.com%252F%26ntime%3D1519878866; CNZZDATA1271911140=1908920511-1515341891-null%7C1515341891; Hm_lvt_26e0f940dc60ad45e5160dceec1fe829=1519473939; passpoint=1; usercookie=admin%7C2018-02-27+18%3A44%3A56%7C96LkugnYtC4SlVGY%7C%7C%7Chttp%3A%2F%2Fwww.demo1.com%2F; usercookie=admin%7C2018-02-27+18%3A44%3A56%7C96LkugnYtC4SlVGY%7C%7C%7Chttp%3A%2F%2Fwww.demo1.com%2F; __guid=75645587.1866937364755946800.1519728360141.2212; weathercity=%B1%B1%BE%A9; CNZZDATA5812519=cnzz_eid%3D25703406-1519819174-http%253A%252F%252Fwww.demo1.com%252F%26ntime%3D1519863672; Hm_lvt_6db16882a8d430c707f348a0a77ee1b3=1519870089; ebak_loginlangid=1; x_a_no=12851; Hm_lvt_e5f3d8f47574fc8b8164b1237eb7d5cf=1520927456; username=18005151538; userid=1356; adweizhi=6; 84a3___lastvisit_1=%2Chttp%3A//www.demo1.com/web/index.php%3Fc%3Dhome%26a%3Dwelcome%26do%3Dsystem',
  'connection' => 'keep-alive',
  'upgrade-insecure-requests' => '1',
)
[ info ] [ PARAM ] array (
)
[ info ] [ CACHE ] INIT File
[ info ] [ DB ] INIT mysql
[ info ] [ LOG ] INIT File
[ error ] [1049]SQLSTATE[HY000] [1049] Unknown database 'open_source_bms'[D:\WWW\demo1\thinkphp\library\think\db\Connection.php:300]

---------------------------------------------------------------
[ 2018-03-19T09:39:44+08:00 ] 127.0.0.1 127.0.0.1 GET /favicon.ico
[ log ] www.demo1.com/favicon.ico [运行时间：0.044003s][吞吐率：22.73req/s] [内存消耗：1,283.08kb] [文件加载：38]
[ info ] [ LANG ] D:\WWW\demo1\thinkphp\lang\zh-cn.php
[ info ] [ ROUTE ] array (
  'type' => 'module',
  'module' => 
  array (
    0 => 'favicon.ico',
    1 => NULL,
    2 => NULL,
  ),
)
[ info ] [ HEADER ] array (
  'host' => 'www.demo1.com',
  'user-agent' => 'Mozilla/5.0 (Windows NT 6.1; WOW64; rv:59.0) Gecko/20100101 Firefox/59.0',
  'accept' => 'text/html,application/xhtml+xml,application/xml;q=0.9,*/*;q=0.8',
  'accept-language' => 'zh-CN,zh;q=0.8,zh-TW;q=0.7,zh-HK;q=0.5,en-US;q=0.3,en;q=0.2',
  'accept-encoding' => 'gzip, deflate',
  'cookie' => 'UM_distinctid=15f463928f436-0bb14e536866e6-43574130-1fa400-15f463928f547b; CNZZDATA1819652=cnzz_eid%3D1319154746-1508711671-%26ntime%3D1508711671; CNZZDATA1255527648=1316985633-1510094369-%7C1510094369; bdshare_firstime=1510096322402; ECS[visit_times]=7; CNZZDATA1257172712=2057240846-1510670253-http%253A%252F%252Fwww.demo1.com%252F%7C1510666314; AJSTAT_ok_times=1; pgv_pvi=1937495040; CNZZDATA4297110=cnzz_eid%3D1130916914-1512301056-http%253A%252F%252Fwww.demo1.com%252F%26ntime%3D1512301056; CNZZDATA1000067704=1148942129-1514940765-http%253A%252F%252Fwww.demo1.com%252F%7C1514940765; CNZZDATA5512294=cnzz_eid%3D1840126545-1515337879-http%253A%252F%252Fwww.demo1.com%252F%26ntime%3D1519878866; CNZZDATA1271911140=1908920511-1515341891-null%7C1515341891; Hm_lvt_26e0f940dc60ad45e5160dceec1fe829=1519473939; passpoint=1; usercookie=admin%7C2018-02-27+18%3A44%3A56%7C96LkugnYtC4SlVGY%7C%7C%7Chttp%3A%2F%2Fwww.demo1.com%2F; usercookie=admin%7C2018-02-27+18%3A44%3A56%7C96LkugnYtC4SlVGY%7C%7C%7Chttp%3A%2F%2Fwww.demo1.com%2F; __guid=75645587.1866937364755946800.1519728360141.2212; weathercity=%B1%B1%BE%A9; CNZZDATA5812519=cnzz_eid%3D25703406-1519819174-http%253A%252F%252Fwww.demo1.com%252F%26ntime%3D1519863672; Hm_lvt_6db16882a8d430c707f348a0a77ee1b3=1519870089; ebak_loginlangid=1; x_a_no=12851; Hm_lvt_e5f3d8f47574fc8b8164b1237eb7d5cf=1520927456; username=18005151538; userid=1356; adweizhi=6; 84a3___lastvisit_1=%2Chttp%3A//www.demo1.com/web/index.php%3Fc%3Dhome%26a%3Dwelcome%26do%3Dsystem; thinkphp_show_page_trace=0|0',
  'connection' => 'keep-alive',
)
[ info ] [ PARAM ] array (
  '/favicon_ico' => '',
)
[ info ] [ LOG ] INIT File

---------------------------------------------------------------
[ 2018-03-19T09:39:44+08:00 ] 127.0.0.1 127.0.0.1 GET /favicon.ico
[ log ] www.demo1.com/favicon.ico [运行时间：0.040003s][吞吐率：25.00req/s] [内存消耗：1,282.91kb] [文件加载：38]
[ info ] [ LANG ] D:\WWW\demo1\thinkphp\lang\zh-cn.php
[ info ] [ ROUTE ] array (
  'type' => 'module',
  'module' => 
  array (
    0 => 'favicon.ico',
    1 => NULL,
    2 => NULL,
  ),
)
[ info ] [ HEADER ] array (
  'host' => 'www.demo1.com',
  'user-agent' => 'Mozilla/5.0 (Windows NT 6.1; WOW64; rv:59.0) Gecko/20100101 Firefox/59.0',
  'accept' => '*/*',
  'accept-language' => 'zh-CN,zh;q=0.8,zh-TW;q=0.7,zh-HK;q=0.5,en-US;q=0.3,en;q=0.2',
  'accept-encoding' => 'gzip, deflate',
  'cookie' => 'UM_distinctid=15f463928f436-0bb14e536866e6-43574130-1fa400-15f463928f547b; CNZZDATA1819652=cnzz_eid%3D1319154746-1508711671-%26ntime%3D1508711671; CNZZDATA1255527648=1316985633-1510094369-%7C1510094369; bdshare_firstime=1510096322402; ECS[visit_times]=7; CNZZDATA1257172712=2057240846-1510670253-http%253A%252F%252Fwww.demo1.com%252F%7C1510666314; AJSTAT_ok_times=1; pgv_pvi=1937495040; CNZZDATA4297110=cnzz_eid%3D1130916914-1512301056-http%253A%252F%252Fwww.demo1.com%252F%26ntime%3D1512301056; CNZZDATA1000067704=1148942129-1514940765-http%253A%252F%252Fwww.demo1.com%252F%7C1514940765; CNZZDATA5512294=cnzz_eid%3D1840126545-1515337879-http%253A%252F%252Fwww.demo1.com%252F%26ntime%3D1519878866; CNZZDATA1271911140=1908920511-1515341891-null%7C1515341891; Hm_lvt_26e0f940dc60ad45e5160dceec1fe829=1519473939; passpoint=1; usercookie=admin%7C2018-02-27+18%3A44%3A56%7C96LkugnYtC4SlVGY%7C%7C%7Chttp%3A%2F%2Fwww.demo1.com%2F; usercookie=admin%7C2018-02-27+18%3A44%3A56%7C96LkugnYtC4SlVGY%7C%7C%7Chttp%3A%2F%2Fwww.demo1.com%2F; __guid=75645587.1866937364755946800.1519728360141.2212; weathercity=%B1%B1%BE%A9; CNZZDATA5812519=cnzz_eid%3D25703406-1519819174-http%253A%252F%252Fwww.demo1.com%252F%26ntime%3D1519863672; Hm_lvt_6db16882a8d430c707f348a0a77ee1b3=1519870089; ebak_loginlangid=1; x_a_no=12851; Hm_lvt_e5f3d8f47574fc8b8164b1237eb7d5cf=1520927456; username=18005151538; userid=1356; adweizhi=6; 84a3___lastvisit_1=%2Chttp%3A//www.demo1.com/web/index.php%3Fc%3Dhome%26a%3Dwelcome%26do%3Dsystem; thinkphp_show_page_trace=0|0',
  'connection' => 'keep-alive',
)
[ info ] [ PARAM ] array (
  '/favicon_ico' => '',
)
[ info ] [ LOG ] INIT File

---------------------------------------------------------------
[ 2018-03-19T09:42:07+08:00 ] 127.0.0.1 127.0.0.1 GET /
[ log ] www.demo1.com/ [运行时间：1.114064s][吞吐率：0.90req/s] [内存消耗：2,440.88kb] [文件加载：54]
[ info ] [ LANG ] D:\WWW\demo1\thinkphp\lang\zh-cn.php
[ info ] [ ROUTE ] array (
  'type' => 'module',
  'module' => 
  array (
    0 => '',
    1 => NULL,
    2 => NULL,
  ),
)
[ info ] [ HEADER ] array (
  'host' => 'www.demo1.com',
  'user-agent' => 'Mozilla/5.0 (Windows NT 6.1; WOW64; rv:59.0) Gecko/20100101 Firefox/59.0',
  'accept' => 'text/html,application/xhtml+xml,application/xml;q=0.9,*/*;q=0.8',
  'accept-language' => 'zh-CN,zh;q=0.8,zh-TW;q=0.7,zh-HK;q=0.5,en-US;q=0.3,en;q=0.2',
  'accept-encoding' => 'gzip, deflate',
  'cookie' => 'UM_distinctid=15f463928f436-0bb14e536866e6-43574130-1fa400-15f463928f547b; CNZZDATA1819652=cnzz_eid%3D1319154746-1508711671-%26ntime%3D1508711671; CNZZDATA1255527648=1316985633-1510094369-%7C1510094369; bdshare_firstime=1510096322402; ECS[visit_times]=7; CNZZDATA1257172712=2057240846-1510670253-http%253A%252F%252Fwww.demo1.com%252F%7C1510666314; AJSTAT_ok_times=1; pgv_pvi=1937495040; CNZZDATA4297110=cnzz_eid%3D1130916914-1512301056-http%253A%252F%252Fwww.demo1.com%252F%26ntime%3D1512301056; CNZZDATA1000067704=1148942129-1514940765-http%253A%252F%252Fwww.demo1.com%252F%7C1514940765; CNZZDATA5512294=cnzz_eid%3D1840126545-1515337879-http%253A%252F%252Fwww.demo1.com%252F%26ntime%3D1519878866; CNZZDATA1271911140=1908920511-1515341891-null%7C1515341891; Hm_lvt_26e0f940dc60ad45e5160dceec1fe829=1519473939; passpoint=1; usercookie=admin%7C2018-02-27+18%3A44%3A56%7C96LkugnYtC4SlVGY%7C%7C%7Chttp%3A%2F%2Fwww.demo1.com%2F; usercookie=admin%7C2018-02-27+18%3A44%3A56%7C96LkugnYtC4SlVGY%7C%7C%7Chttp%3A%2F%2Fwww.demo1.com%2F; __guid=75645587.1866937364755946800.1519728360141.2212; weathercity=%B1%B1%BE%A9; CNZZDATA5812519=cnzz_eid%3D25703406-1519819174-http%253A%252F%252Fwww.demo1.com%252F%26ntime%3D1519863672; Hm_lvt_6db16882a8d430c707f348a0a77ee1b3=1519870089; ebak_loginlangid=1; x_a_no=12851; Hm_lvt_e5f3d8f47574fc8b8164b1237eb7d5cf=1520927456; username=18005151538; userid=1356; adweizhi=6; 84a3___lastvisit_1=%2Chttp%3A//www.demo1.com/web/index.php%3Fc%3Dhome%26a%3Dwelcome%26do%3Dsystem; thinkphp_show_page_trace=0|0',
  'connection' => 'keep-alive',
  'upgrade-insecure-requests' => '1',
)
[ info ] [ PARAM ] array (
)
[ info ] [ CACHE ] INIT File
[ info ] [ DB ] INIT mysql
[ info ] [ RUN ] app\index\controller\Index->index[ D:\WWW\demo1\application\index\controller\Index.php ]
[ info ] [ VIEW ] ./themes/default/index\index.html [ array (
  0 => 'site_title',
  1 => 'seo_title',
  2 => 'seo_keyword',
  3 => 'seo_description',
  4 => 'site_copyright',
  5 => 'site_icp',
  6 => 'site_tongji',
  7 => 'nav',
  8 => 'slide',
) ]
[ info ] [ LOG ] INIT File
[ sql ] [ DB ] CONNECT:[ UseTime:1.001057s ] mysql:dbname=demo_658;host=localhost;charset=utf8
[ sql ] [ SQL ] SHOW COLUMNS FROM `os_system` [ RunTime:0.011001s ]
[ sql ] [ SQL ] SELECT `value` FROM `os_system` WHERE  `name` = 'site_config' LIMIT 1 [ RunTime:0.001000s ]
[ sql ] [ SQL ] SHOW COLUMNS FROM `os_nav` [ RunTime:0.009000s ]
[ sql ] [ SQL ] SELECT * FROM `os_nav` WHERE  `status` = 1 ORDER BY `sort`  ASC [ RunTime:0.000000s ]
[ sql ] [ SQL ] SHOW COLUMNS FROM `os_slide` [ RunTime:0.010001s ]
[ sql ] [ SQL ] SELECT * FROM `os_slide` WHERE  `status` = 1  AND `cid` = 1 ORDER BY `sort`  DESC [ RunTime:0.000000s ]

---------------------------------------------------------------
[ 2018-03-19T09:42:14+08:00 ] 127.0.0.1 127.0.0.1 GET /admin
[ log ] www.demo1.com/admin [运行时间：0.047003s][吞吐率：21.28req/s] [内存消耗：1,578.27kb] [文件加载：44]
[ info ] [ LANG ] D:\WWW\demo1\thinkphp\lang\zh-cn.php
[ info ] [ ROUTE ] array (
  'type' => 'module',
  'module' => 
  array (
    0 => 'admin',
    1 => NULL,
    2 => NULL,
  ),
)
[ info ] [ HEADER ] array (
  'host' => 'www.demo1.com',
  'user-agent' => 'Mozilla/5.0 (Windows NT 6.1; WOW64; rv:59.0) Gecko/20100101 Firefox/59.0',
  'accept' => 'text/html,application/xhtml+xml,application/xml;q=0.9,*/*;q=0.8',
  'accept-language' => 'zh-CN,zh;q=0.8,zh-TW;q=0.7,zh-HK;q=0.5,en-US;q=0.3,en;q=0.2',
  'accept-encoding' => 'gzip, deflate',
  'cookie' => 'set_options=set05; UM_distinctid=15f463928f436-0bb14e536866e6-43574130-1fa400-15f463928f547b; CNZZDATA1819652=cnzz_eid%3D1319154746-1508711671-%26ntime%3D1508711671; CNZZDATA1255527648=1316985633-1510094369-%7C1510094369; bdshare_firstime=1510096322402; ECS[visit_times]=7; CNZZDATA1257172712=2057240846-1510670253-http%253A%252F%252Fwww.demo1.com%252F%7C1510666314; AJSTAT_ok_times=1; pgv_pvi=1937495040; CNZZDATA4297110=cnzz_eid%3D1130916914-1512301056-http%253A%252F%252Fwww.demo1.com%252F%26ntime%3D1512301056; CNZZDATA1000067704=1148942129-1514940765-http%253A%252F%252Fwww.demo1.com%252F%7C1514940765; CNZZDATA5512294=cnzz_eid%3D1840126545-1515337879-http%253A%252F%252Fwww.demo1.com%252F%26ntime%3D1519878866; CNZZDATA1271911140=1908920511-1515341891-null%7C1515341891; Hm_lvt_26e0f940dc60ad45e5160dceec1fe829=1519473939; passpoint=1; usercookie=admin%7C2018-02-27+18%3A44%3A56%7C96LkugnYtC4SlVGY%7C%7C%7Chttp%3A%2F%2Fwww.demo1.com%2F; usercookie=admin%7C2018-02-27+18%3A44%3A56%7C96LkugnYtC4SlVGY%7C%7C%7Chttp%3A%2F%2Fwww.demo1.com%2F; __guid=75645587.1866937364755946800.1519728360141.2212; weathercity=%B1%B1%BE%A9; CNZZDATA5812519=cnzz_eid%3D25703406-1519819174-http%253A%252F%252Fwww.demo1.com%252F%26ntime%3D1519863672; Hm_lvt_6db16882a8d430c707f348a0a77ee1b3=1519870089; ebak_loginlangid=1; x_a_no=12851; Hm_lvt_e5f3d8f47574fc8b8164b1237eb7d5cf=1520927456; username=18005151538; userid=1356; adweizhi=6; 84a3___lastvisit_1=%2Chttp%3A//www.demo1.com/web/index.php%3Fc%3Dhome%26a%3Dwelcome%26do%3Dsystem; thinkphp_show_page_trace=0|0',
  'connection' => 'keep-alive',
  'upgrade-insecure-requests' => '1',
)
[ info ] [ PARAM ] array (
  '/admin' => '',
)
[ info ] [ SESSION ] INIT array (
  'id' => '',
  'var_session_id' => '',
  'prefix' => 'think',
  'type' => '',
  'auto_start' => true,
)
[ info ] [ LOG ] INIT File

---------------------------------------------------------------
[ 2018-03-19T09:42:14+08:00 ] 127.0.0.1 127.0.0.1 GET /admin/login/index.html
[ log ] www.demo1.com/admin/login/index.html [运行时间：0.054004s][吞吐率：18.52req/s] [内存消耗：1,752.01kb] [文件加载：47]
[ info ] [ LANG ] D:\WWW\demo1\thinkphp\lang\zh-cn.php
[ info ] [ ROUTE ] array (
  'type' => 'module',
  'module' => 
  array (
    0 => 'admin',
    1 => 'login',
    2 => 'index',
  ),
)
[ info ] [ HEADER ] array (
  'host' => 'www.demo1.com',
  'user-agent' => 'Mozilla/5.0 (Windows NT 6.1; WOW64; rv:59.0) Gecko/20100101 Firefox/59.0',
  'accept' => 'text/html,application/xhtml+xml,application/xml;q=0.9,*/*;q=0.8',
  'accept-language' => 'zh-CN,zh;q=0.8,zh-TW;q=0.7,zh-HK;q=0.5,en-US;q=0.3,en;q=0.2',
  'accept-encoding' => 'gzip, deflate',
  'cookie' => 'set_options=set05; UM_distinctid=15f463928f436-0bb14e536866e6-43574130-1fa400-15f463928f547b; CNZZDATA1819652=cnzz_eid%3D1319154746-1508711671-%26ntime%3D1508711671; CNZZDATA1255527648=1316985633-1510094369-%7C1510094369; bdshare_firstime=1510096322402; ECS[visit_times]=7; CNZZDATA1257172712=2057240846-1510670253-http%253A%252F%252Fwww.demo1.com%252F%7C1510666314; AJSTAT_ok_times=1; pgv_pvi=1937495040; CNZZDATA4297110=cnzz_eid%3D1130916914-1512301056-http%253A%252F%252Fwww.demo1.com%252F%26ntime%3D1512301056; CNZZDATA1000067704=1148942129-1514940765-http%253A%252F%252Fwww.demo1.com%252F%7C1514940765; CNZZDATA5512294=cnzz_eid%3D1840126545-1515337879-http%253A%252F%252Fwww.demo1.com%252F%26ntime%3D1519878866; CNZZDATA1271911140=1908920511-1515341891-null%7C1515341891; Hm_lvt_26e0f940dc60ad45e5160dceec1fe829=1519473939; passpoint=1; usercookie=admin%7C2018-02-27+18%3A44%3A56%7C96LkugnYtC4SlVGY%7C%7C%7Chttp%3A%2F%2Fwww.demo1.com%2F; usercookie=admin%7C2018-02-27+18%3A44%3A56%7C96LkugnYtC4SlVGY%7C%7C%7Chttp%3A%2F%2Fwww.demo1.com%2F; __guid=75645587.1866937364755946800.1519728360141.2212; weathercity=%B1%B1%BE%A9; CNZZDATA5812519=cnzz_eid%3D25703406-1519819174-http%253A%252F%252Fwww.demo1.com%252F%26ntime%3D1519863672; Hm_lvt_6db16882a8d430c707f348a0a77ee1b3=1519870089; ebak_loginlangid=1; x_a_no=12851; Hm_lvt_e5f3d8f47574fc8b8164b1237eb7d5cf=1520927456; username=18005151538; userid=1356; adweizhi=6; 84a3___lastvisit_1=%2Chttp%3A//www.demo1.com/web/index.php%3Fc%3Dhome%26a%3Dwelcome%26do%3Dsystem; thinkphp_show_page_trace=0|0; PHPSESSID=samj3q1u5so1dm5891tlf2ise1',
  'connection' => 'keep-alive',
  'upgrade-insecure-requests' => '1',
)
[ info ] [ PARAM ] array (
  '/admin/login/index_html' => '',
)
[ info ] [ RUN ] app\admin\controller\Login->index[ D:\WWW\demo1\application\admin\controller\Login.php ]
[ info ] [ VIEW ] ./themes/admin/login\index.html [ array (
) ]
[ info ] [ LOG ] INIT File

---------------------------------------------------------------
[ 2018-03-19T09:42:14+08:00 ] 127.0.0.1 127.0.0.1 GET /captcha.html
[ log ] www.demo1.com/captcha.html [运行时间：0.045002s][吞吐率：22.22req/s] [内存消耗：1,266.90kb] [文件加载：34]
[ info ] [ LANG ] D:\WWW\demo1\thinkphp\lang\zh-cn.php
[ info ] [ ROUTE ] array (
  'type' => 'method',
  'method' => 
  array (
    0 => '\\think\\captcha\\CaptchaController',
    1 => 'index',
  ),
  'var' => 
  array (
  ),
)
[ info ] [ HEADER ] array (
  'host' => 'www.demo1.com',
  'user-agent' => 'Mozilla/5.0 (Windows NT 6.1; WOW64; rv:59.0) Gecko/20100101 Firefox/59.0',
  'accept' => '*/*',
  'accept-language' => 'zh-CN,zh;q=0.8,zh-TW;q=0.7,zh-HK;q=0.5,en-US;q=0.3,en;q=0.2',
  'accept-encoding' => 'gzip, deflate',
  'referer' => 'http://www.demo1.com/admin/login/index.html',
  'cookie' => 'UM_distinctid=15f463928f436-0bb14e536866e6-43574130-1fa400-15f463928f547b; CNZZDATA1819652=cnzz_eid%3D1319154746-1508711671-%26ntime%3D1508711671; CNZZDATA1255527648=1316985633-1510094369-%7C1510094369; bdshare_firstime=1510096322402; ECS[visit_times]=7; CNZZDATA1257172712=2057240846-1510670253-http%253A%252F%252Fwww.demo1.com%252F%7C1510666314; AJSTAT_ok_times=1; pgv_pvi=1937495040; CNZZDATA4297110=cnzz_eid%3D1130916914-1512301056-http%253A%252F%252Fwww.demo1.com%252F%26ntime%3D1512301056; CNZZDATA1000067704=1148942129-1514940765-http%253A%252F%252Fwww.demo1.com%252F%7C1514940765; CNZZDATA5512294=cnzz_eid%3D1840126545-1515337879-http%253A%252F%252Fwww.demo1.com%252F%26ntime%3D1519878866; CNZZDATA1271911140=1908920511-1515341891-null%7C1515341891; Hm_lvt_26e0f940dc60ad45e5160dceec1fe829=1519473939; passpoint=1; usercookie=admin%7C2018-02-27+18%3A44%3A56%7C96LkugnYtC4SlVGY%7C%7C%7Chttp%3A%2F%2Fwww.demo1.com%2F; usercookie=admin%7C2018-02-27+18%3A44%3A56%7C96LkugnYtC4SlVGY%7C%7C%7Chttp%3A%2F%2Fwww.demo1.com%2F; __guid=75645587.1866937364755946800.1519728360141.2212; weathercity=%B1%B1%BE%A9; CNZZDATA5812519=cnzz_eid%3D25703406-1519819174-http%253A%252F%252Fwww.demo1.com%252F%26ntime%3D1519863672; Hm_lvt_6db16882a8d430c707f348a0a77ee1b3=1519870089; ebak_loginlangid=1; x_a_no=12851; Hm_lvt_e5f3d8f47574fc8b8164b1237eb7d5cf=1520927456; username=18005151538; userid=1356; adweizhi=6; 84a3___lastvisit_1=%2Chttp%3A//www.demo1.com/web/index.php%3Fc%3Dhome%26a%3Dwelcome%26do%3Dsystem; thinkphp_show_page_trace=0|0; PHPSESSID=samj3q1u5so1dm5891tlf2ise1',
  'connection' => 'keep-alive',
)
[ info ] [ PARAM ] array (
  '/captcha_html' => '',
  'id' => '',
)
[ info ] [ RUN ] think\captcha\CaptchaController->index[ D:\WWW\demo1\vendor\topthink\think-captcha\src\CaptchaController.php ]
[ info ] [ SESSION ] INIT array (
  'id' => '',
  'var_session_id' => '',
  'prefix' => 'think',
  'type' => '',
  'auto_start' => true,
)
[ info ] [ LOG ] INIT File

---------------------------------------------------------------
[ 2018-03-19T09:43:19+08:00 ] 127.0.0.1 127.0.0.1 POST /admin/login/login.html
[ log ] www.demo1.com/admin/login/login.html [运行时间：1.081061s][吞吐率：0.93req/s] [内存消耗：2,404.38kb] [文件加载：54]
[ info ] [ LANG ] D:\WWW\demo1\thinkphp\lang\zh-cn.php
[ info ] [ ROUTE ] array (
  'type' => 'module',
  'module' => 
  array (
    0 => 'admin',
    1 => 'login',
    2 => 'login',
  ),
)
[ info ] [ HEADER ] array (
  'host' => 'www.demo1.com',
  'user-agent' => 'Mozilla/5.0 (Windows NT 6.1; WOW64; rv:59.0) Gecko/20100101 Firefox/59.0',
  'accept' => 'application/json, text/javascript, */*; q=0.01',
  'accept-language' => 'zh-CN,zh;q=0.8,zh-TW;q=0.7,zh-HK;q=0.5,en-US;q=0.3,en;q=0.2',
  'accept-encoding' => 'gzip, deflate',
  'referer' => 'http://www.demo1.com/admin/login/index.html',
  'content-type' => 'application/x-www-form-urlencoded; charset=UTF-8',
  'x-requested-with' => 'XMLHttpRequest',
  'content-length' => '41',
  'cookie' => 'thinkphp_show_page_trace=0|0; set_options=set05; UM_distinctid=15f463928f436-0bb14e536866e6-43574130-1fa400-15f463928f547b; CNZZDATA1819652=cnzz_eid%3D1319154746-1508711671-%26ntime%3D1508711671; CNZZDATA1255527648=1316985633-1510094369-%7C1510094369; bdshare_firstime=1510096322402; ECS[visit_times]=7; CNZZDATA1257172712=2057240846-1510670253-http%253A%252F%252Fwww.demo1.com%252F%7C1510666314; AJSTAT_ok_times=1; pgv_pvi=1937495040; CNZZDATA4297110=cnzz_eid%3D1130916914-1512301056-http%253A%252F%252Fwww.demo1.com%252F%26ntime%3D1512301056; CNZZDATA1000067704=1148942129-1514940765-http%253A%252F%252Fwww.demo1.com%252F%7C1514940765; CNZZDATA5512294=cnzz_eid%3D1840126545-1515337879-http%253A%252F%252Fwww.demo1.com%252F%26ntime%3D1519878866; CNZZDATA1271911140=1908920511-1515341891-null%7C1515341891; Hm_lvt_26e0f940dc60ad45e5160dceec1fe829=1519473939; passpoint=1; usercookie=admin%7C2018-02-27+18%3A44%3A56%7C96LkugnYtC4SlVGY%7C%7C%7Chttp%3A%2F%2Fwww.demo1.com%2F; usercookie=admin%7C2018-02-27+18%3A44%3A56%7C96LkugnYtC4SlVGY%7C%7C%7Chttp%3A%2F%2Fwww.demo1.com%2F; __guid=75645587.1866937364755946800.1519728360141.2212; weathercity=%B1%B1%BE%A9; CNZZDATA5812519=cnzz_eid%3D25703406-1519819174-http%253A%252F%252Fwww.demo1.com%252F%26ntime%3D1519863672; Hm_lvt_6db16882a8d430c707f348a0a77ee1b3=1519870089; ebak_loginlangid=1; x_a_no=12851; Hm_lvt_e5f3d8f47574fc8b8164b1237eb7d5cf=1520927456; username=18005151538; userid=1356; adweizhi=6; 84a3___lastvisit_1=%2Chttp%3A//www.demo1.com/web/index.php%3Fc%3Dhome%26a%3Dwelcome%26do%3Dsystem; thinkphp_show_page_trace=0|0; PHPSESSID=samj3q1u5so1dm5891tlf2ise1',
  'connection' => 'keep-alive',
)
[ info ] [ PARAM ] array (
  '/admin/login/login_html' => '',
  'username' => 'admin',
  'password' => 'admin',
  'verify' => 'tbxe',
)
[ info ] [ RUN ] app\admin\controller\Login->login[ D:\WWW\demo1\application\admin\controller\Login.php ]
[ info ] [ SESSION ] INIT array (
  'id' => '',
  'var_session_id' => '',
  'prefix' => 'think',
  'type' => '',
  'auto_start' => true,
)
[ info ] [ DB ] INIT mysql
[ info ] [ CACHE ] INIT File
[ info ] [ LOG ] INIT File
[ sql ] [ DB ] CONNECT:[ UseTime:1.009057s ] mysql:dbname=demo_658;host=localhost;charset=utf8
[ sql ] [ SQL ] SHOW COLUMNS FROM `os_admin_user` [ RunTime:0.009001s ]
[ sql ] [ SQL ] SELECT `id`,`username`,`status` FROM `os_admin_user` WHERE  `username` = 'admin'  AND `password` = '0dfc7612f607db6c17fd99388e9e5f9c' LIMIT 1 [ RunTime:0.000000s ]
[ sql ] [ SQL ] UPDATE `os_admin_user`  SET `last_login_time`='2018-03-19 09:43:19',`last_login_ip`='127.0.0.1'  WHERE  `id` = 1 [ RunTime:0.000000s ]

---------------------------------------------------------------
[ 2018-03-19T09:43:21+08:00 ] 127.0.0.1 127.0.0.1 GET /admin/index/index.html
[ log ] www.demo1.com/admin/index/index.html [运行时间：1.162067s][吞吐率：0.86req/s] [内存消耗：2,534.05kb] [文件加载：54]
[ info ] [ LANG ] D:\WWW\demo1\thinkphp\lang\zh-cn.php
[ info ] [ ROUTE ] array (
  'type' => 'module',
  'module' => 
  array (
    0 => 'admin',
    1 => 'index',
    2 => 'index',
  ),
)
[ info ] [ HEADER ] array (
  'host' => 'www.demo1.com',
  'user-agent' => 'Mozilla/5.0 (Windows NT 6.1; WOW64; rv:59.0) Gecko/20100101 Firefox/59.0',
  'accept' => 'text/html,application/xhtml+xml,application/xml;q=0.9,*/*;q=0.8',
  'accept-language' => 'zh-CN,zh;q=0.8,zh-TW;q=0.7,zh-HK;q=0.5,en-US;q=0.3,en;q=0.2',
  'accept-encoding' => 'gzip, deflate',
  'referer' => 'http://www.demo1.com/admin/login/index.html',
  'cookie' => 'set_options=set05; UM_distinctid=15f463928f436-0bb14e536866e6-43574130-1fa400-15f463928f547b; CNZZDATA1819652=cnzz_eid%3D1319154746-1508711671-%26ntime%3D1508711671; CNZZDATA1255527648=1316985633-1510094369-%7C1510094369; bdshare_firstime=1510096322402; ECS[visit_times]=7; CNZZDATA1257172712=2057240846-1510670253-http%253A%252F%252Fwww.demo1.com%252F%7C1510666314; AJSTAT_ok_times=1; pgv_pvi=1937495040; CNZZDATA4297110=cnzz_eid%3D1130916914-1512301056-http%253A%252F%252Fwww.demo1.com%252F%26ntime%3D1512301056; CNZZDATA1000067704=1148942129-1514940765-http%253A%252F%252Fwww.demo1.com%252F%7C1514940765; CNZZDATA5512294=cnzz_eid%3D1840126545-1515337879-http%253A%252F%252Fwww.demo1.com%252F%26ntime%3D1519878866; CNZZDATA1271911140=1908920511-1515341891-null%7C1515341891; Hm_lvt_26e0f940dc60ad45e5160dceec1fe829=1519473939; passpoint=1; usercookie=admin%7C2018-02-27+18%3A44%3A56%7C96LkugnYtC4SlVGY%7C%7C%7Chttp%3A%2F%2Fwww.demo1.com%2F; usercookie=admin%7C2018-02-27+18%3A44%3A56%7C96LkugnYtC4SlVGY%7C%7C%7Chttp%3A%2F%2Fwww.demo1.com%2F; __guid=75645587.1866937364755946800.1519728360141.2212; weathercity=%B1%B1%BE%A9; CNZZDATA5812519=cnzz_eid%3D25703406-1519819174-http%253A%252F%252Fwww.demo1.com%252F%26ntime%3D1519863672; Hm_lvt_6db16882a8d430c707f348a0a77ee1b3=1519870089; ebak_loginlangid=1; x_a_no=12851; Hm_lvt_e5f3d8f47574fc8b8164b1237eb7d5cf=1520927456; username=18005151538; userid=1356; adweizhi=6; 84a3___lastvisit_1=%2Chttp%3A//www.demo1.com/web/index.php%3Fc%3Dhome%26a%3Dwelcome%26do%3Dsystem; thinkphp_show_page_trace=0|0; PHPSESSID=samj3q1u5so1dm5891tlf2ise1',
  'connection' => 'keep-alive',
  'upgrade-insecure-requests' => '1',
)
[ info ] [ PARAM ] array (
  '/admin/index/index_html' => '',
)
[ info ] [ SESSION ] INIT array (
  'id' => '',
  'var_session_id' => '',
  'prefix' => 'think',
  'type' => '',
  'auto_start' => true,
)
[ info ] [ DB ] INIT mysql
[ info ] [ RUN ] app\admin\controller\Index->index[ D:\WWW\demo1\application\admin\controller\Index.php ]
[ info ] [ VIEW ] ./themes/admin/index\index.html [ array (
  0 => 'menu',
  1 => 'controller',
  2 => 'config',
) ]
[ info ] [ LOG ] INIT File
[ sql ] [ DB ] CONNECT:[ UseTime:1.064061s ] mysql:dbname=demo_658;host=localhost;charset=utf8
[ sql ] [ SQL ] SHOW COLUMNS FROM `os_auth_rule` [ RunTime:0.009001s ]
[ sql ] [ SQL ] SELECT * FROM `os_auth_rule` WHERE  `status` = 1 ORDER BY `sort`  DESC,`id`  ASC [ RunTime:0.000000s ]
[ sql ] [ SQL ] SHOW COLUMNS FROM `os_auth_group_access` [ RunTime:0.010000s ]
[ sql ] [ SQL ] SELECT `AuthGroupAccess`.`uid`,`AuthGroupAccess`.`group_id`,`AuthGroup`.`title`,`AuthGroup`.`rules` FROM `os_auth_group_access` `AuthGroupAccess` LEFT JOIN `os_auth_group` `AuthGroup` ON `AuthGroupAccess`.`group_id`=`AuthGroup`.`id` WHERE  (  AuthGroupAccess.uid='1' and AuthGroup.status='1' ) [ RunTime:0.002000s ]
[ sql ] [ SQL ] SELECT `condition`,`name` FROM `os_auth_rule` WHERE  `id` IN (1,2,3,73,74,5,6,7,8,9,10,11,12,39,40,41,42,43,14,13,20,21,22,23,24,15,25,26,27,28,29,30,16,17,44,45,46,47,48,18,49,50,51,52,53,19,31,32,33,34,35,36,37,54,55,58,59,60,61,62,56,63,64,65,66,67,57,68,69,70,71,72)  AND `type` = 1 [ RunTime:0.001001s ]
[ sql ] [ SQL ] SELECT VERSION() AS ver [ RunTime:0.000000s ]

---------------------------------------------------------------
